2025-02-07 18:37:11,407	[INFO]	(client.py:162)_bot_login	[botpy] 登录机器人账号中...
2025-02-07 18:37:11,708	[INFO]	(robot.py:65)update_access_token	[botpy] access_token expires_in 7200
2025-02-07 18:37:12,293	[INFO]	(client.py:181)_bot_init	[botpy] 程序启动...
2025-02-07 18:37:12,293	[INFO]	(connection.py:60)multi_run	[botpy] 最大并发连接数: 1, 启动会话数: 1
2025-02-07 18:37:12,294	[INFO]	(client.py:242)bot_connect	[botpy] 会话启动中...
2025-02-07 18:37:12,294	[INFO]	(gateway.py:115)ws_connect	[botpy] 启动中...
2025-02-07 18:37:12,470	[INFO]	(gateway.py:142)ws_identify	[botpy] 鉴权中...
2025-02-07 18:37:12,573	[INFO]	(gateway.py:85)on_message	[botpy] 机器人「Zeref-测试中」启动成功！
2025-02-07 18:37:12,574	[INFO]	(gateway.py:223)_send_heart	[botpy] 心跳维持启动...
2025-02-07 18:37:12,574	[INFO]	(test.py:324)on_ready	robot 「Zeref-测试中」 on_ready!
2025-02-07 18:59:45,278	[INFO]	(client.py:162)_bot_login	[botpy] 登录机器人账号中...
2025-02-07 18:59:45,446	[INFO]	(robot.py:65)update_access_token	[botpy] access_token expires_in 5846
2025-02-07 18:59:45,976	[INFO]	(client.py:181)_bot_init	[botpy] 程序启动...
2025-02-07 18:59:45,976	[INFO]	(connection.py:60)multi_run	[botpy] 最大并发连接数: 1, 启动会话数: 1
2025-02-07 18:59:45,976	[INFO]	(client.py:242)bot_connect	[botpy] 会话启动中...
2025-02-07 18:59:45,976	[INFO]	(gateway.py:115)ws_connect	[botpy] 启动中...
2025-02-07 18:59:46,141	[INFO]	(gateway.py:142)ws_identify	[botpy] 鉴权中...
2025-02-07 18:59:46,246	[INFO]	(gateway.py:85)on_message	[botpy] 机器人「Zeref-测试中」启动成功！
2025-02-07 18:59:46,246	[INFO]	(gateway.py:223)_send_heart	[botpy] 心跳维持启动...
2025-02-07 18:59:46,246	[INFO]	(test.py:324)on_ready	robot 「Zeref-测试中」 on_ready!
2025-02-07 19:05:52,984	[INFO]	(client.py:162)_bot_login	[botpy] 登录机器人账号中...
2025-02-07 19:05:53,132	[INFO]	(robot.py:65)update_access_token	[botpy] access_token expires_in 5479
2025-02-07 19:05:53,659	[INFO]	(client.py:181)_bot_init	[botpy] 程序启动...
2025-02-07 19:05:53,660	[INFO]	(connection.py:60)multi_run	[botpy] 最大并发连接数: 1, 启动会话数: 1
2025-02-07 19:05:53,660	[INFO]	(client.py:242)bot_connect	[botpy] 会话启动中...
2025-02-07 19:05:53,660	[INFO]	(gateway.py:115)ws_connect	[botpy] 启动中...
2025-02-07 19:05:53,829	[INFO]	(gateway.py:142)ws_identify	[botpy] 鉴权中...
2025-02-07 19:05:53,912	[INFO]	(gateway.py:85)on_message	[botpy] 机器人「Zeref-测试中」启动成功！
2025-02-07 19:05:53,912	[INFO]	(gateway.py:223)_send_heart	[botpy] 心跳维持启动...
2025-02-07 19:05:53,913	[INFO]	(test.py:324)on_ready	robot 「Zeref-测试中」 on_ready!
2025-02-07 19:09:08,835	[INFO]	(client.py:162)_bot_login	[botpy] 登录机器人账号中...
2025-02-07 19:09:08,992	[INFO]	(robot.py:65)update_access_token	[botpy] access_token expires_in 5283
2025-02-07 19:09:09,537	[INFO]	(client.py:181)_bot_init	[botpy] 程序启动...
2025-02-07 19:09:09,538	[INFO]	(connection.py:60)multi_run	[botpy] 最大并发连接数: 1, 启动会话数: 1
2025-02-07 19:09:09,538	[INFO]	(client.py:242)bot_connect	[botpy] 会话启动中...
2025-02-07 19:09:09,538	[INFO]	(gateway.py:115)ws_connect	[botpy] 启动中...
2025-02-07 19:09:09,702	[INFO]	(gateway.py:142)ws_identify	[botpy] 鉴权中...
2025-02-07 19:09:09,781	[INFO]	(gateway.py:85)on_message	[botpy] 机器人「Zeref-测试中」启动成功！
2025-02-07 19:09:09,782	[INFO]	(gateway.py:223)_send_heart	[botpy] 心跳维持启动...
2025-02-07 19:09:09,782	[INFO]	(test.py:324)on_ready	robot 「Zeref-测试中」 on_ready!
2025-02-07 19:09:32,613	[INFO]	(client.py:162)_bot_login	[botpy] 登录机器人账号中...
2025-02-07 19:09:32,773	[INFO]	(robot.py:65)update_access_token	[botpy] access_token expires_in 5259
2025-02-07 19:09:33,296	[INFO]	(client.py:181)_bot_init	[botpy] 程序启动...
2025-02-07 19:09:33,296	[INFO]	(connection.py:60)multi_run	[botpy] 最大并发连接数: 1, 启动会话数: 1
2025-02-07 19:09:33,297	[INFO]	(client.py:242)bot_connect	[botpy] 会话启动中...
2025-02-07 19:09:33,297	[INFO]	(gateway.py:115)ws_connect	[botpy] 启动中...
2025-02-07 19:09:33,458	[INFO]	(gateway.py:142)ws_identify	[botpy] 鉴权中...
2025-02-07 19:09:33,568	[INFO]	(gateway.py:85)on_message	[botpy] 机器人「Zeref-测试中」启动成功！
2025-02-07 19:09:33,568	[INFO]	(gateway.py:223)_send_heart	[botpy] 心跳维持启动...
2025-02-07 19:09:33,568	[INFO]	(test.py:333)on_ready	robot 「Zeref-测试中」 on_ready!
2025-02-07 19:09:43,664	[INFO]	(test.py:421)on_group_at_message_create	文本消息发送结果：{'id': 'ROBOT1.0_A5JPbu4cBddPJOegklN5Cwv4aCmqr7wAUTGI6c.H3RzKauy6Y8BGsMDro4qLgQqbmJONpYaeDuEywOefRRXMeQ!!', 'timestamp': '2025-02-07T19:09:44+08:00'}, msg_seq: 21314
2025-02-07 19:09:44,662	[INFO]	(test.py:421)on_group_at_message_create	文本消息发送结果：{'id': 'ROBOT1.0_A5JPbu4cBddPJOegklN5Cy0SVOR47kIS40YKzgC1-H7HMEItdatTfVw3.yp6MmbRtb-NVT4IubJxrUlWyK6u0g!!', 'timestamp': '2025-02-07T19:09:45+08:00'}, msg_seq: 21319
2025-02-07 19:09:46,644	[INFO]	(test.py:421)on_group_at_message_create	文本消息发送结果：{'id': 'ROBOT1.0_A5JPbu4cBddPJOegklN5C2oR4arHPbH1Oz75DgM96ZgeLVj0se-1JmOjW-Zjl0FYWT.Txc.9kUit11kq.7u-Eg!!', 'timestamp': '2025-02-07T19:09:47+08:00'}, msg_seq: 21324
2025-02-07 19:09:47,606	[INFO]	(test.py:421)on_group_at_message_create	文本消息发送结果：{'id': 'ROBOT1.0_A5JPbu4cBddPJOegklN5Cyv4mQk4BlDVqy7ix.30FHfMwEcVuj1lZd0h9tP02ACs2mHEcLP.jXpVqcaC-SWtqw!!', 'timestamp': '2025-02-07T19:09:48+08:00'}, msg_seq: 21329
2025-02-07 19:09:47,607	[INFO]	(test.py:435)on_group_at_message_create	成功发送 4 条消息.
2025-02-07 19:12:24,283	[INFO]	(test.py:421)on_group_at_message_create	文本消息发送结果：{'id': 'ROBOT1.0_A5JPbu4cBddPJOegklN5Czy3ZisIMvvLGFtIH0m2AeOOiGMpU29GQe7hQwLE7Fi1.iPIt7itHOYyYv1gOnAq-w!!', 'timestamp': '2025-02-07T19:12:24+08:00'}, msg_seq: 21314
2025-02-07 19:12:25,176	[INFO]	(test.py:421)on_group_at_message_create	文本消息发送结果：{'id': 'ROBOT1.0_A5JPbu4cBddPJOegklN5C5sBczkLc.5Yt6HpVq77ZZxNrrsxTMwiDtwXpJu8JkbI6qAI2LT9Fnw3WJKzY0Vamw!!', 'timestamp': '2025-02-07T19:12:25+08:00'}, msg_seq: 21319
2025-02-07 19:12:26,087	[INFO]	(test.py:421)on_group_at_message_create	文本消息发送结果：{'id': 'ROBOT1.0_A5JPbu4cBddPJOegklN5C5TJUXBkfBZrTe0LKyY4V5IFo9D58.eMExMKjmTO16RmoLtFNK.DbYtgyy1tpUDf9A!!', 'timestamp': '2025-02-07T19:12:26+08:00'}, msg_seq: 21324
2025-02-07 19:12:27,079	[INFO]	(test.py:421)on_group_at_message_create	文本消息发送结果：{'id': 'ROBOT1.0_A5JPbu4cBddPJOegklN5C5eiuyZuifTADRPjO0UEPAbcY2WW3yHqNH4F.QwZ4YKBdM82nAw4nG-4lcbOFN-SkQ!!', 'timestamp': '2025-02-07T19:12:27+08:00'}, msg_seq: 21329
2025-02-07 19:12:27,963	[INFO]	(test.py:421)on_group_at_message_create	文本消息发送结果：{'id': 'ROBOT1.0_A5JPbu4cBddPJOegklN5CwTDuNHEjX-jHuqn9iLG..uHbamYgcE.cs7d2-ks6sB0U9EIcJh2IAx8m88weaXRXQ!!', 'timestamp': '2025-02-07T19:12:28+08:00'}, msg_seq: 21334
2025-02-07 19:12:27,963	[INFO]	(test.py:435)on_group_at_message_create	成功发送 5 条消息.
2025-02-07 19:36:11,507	[INFO]	(test.py:421)on_group_at_message_create	文本消息发送结果：{'id': 'ROBOT1.0_A5JPbu4cBddPJOegklN5C5Op83o2iimUV9EAfRwq2VtdmtxC2YRW35RVcMrBRw4GoxGpsk5YcmynLbSQm.HIFw!!', 'timestamp': '2025-02-07T19:36:12+08:00'}, msg_seq: 21314
2025-02-07 19:36:12,254	[INFO]	(test.py:421)on_group_at_message_create	文本消息发送结果：{'id': 'ROBOT1.0_A5JPbu4cBddPJOegklN5C2o8SH.LrY045BRFwsv9iNXqc51WrEgmTfdp-AU3GVAllJZjApFuxw-pwJeGgl9Epw!!', 'timestamp': '2025-02-07T19:36:12+08:00'}, msg_seq: 21319
2025-02-07 19:36:12,935	[INFO]	(test.py:421)on_group_at_message_create	文本消息发送结果：{'id': 'ROBOT1.0_A5JPbu4cBddPJOegklN5C1QD.s3rkPQA1vE.9l3Id-ZsdkfWt9m9kS9uEx2pnVtilJZjApFuxw-pwJeGgl9Epw!!', 'timestamp': '2025-02-07T19:36:13+08:00'}, msg_seq: 21324
2025-02-07 19:36:13,587	[INFO]	(test.py:421)on_group_at_message_create	文本消息发送结果：{'id': 'ROBOT1.0_A5JPbu4cBddPJOegklN5C.WFWccpXvqcIDyMH7ZGP36Z3wNYNq3YTQTmL084POy7R6RuwbP.y.JbOnGFgoMBOQ!!', 'timestamp': '2025-02-07T19:36:14+08:00'}, msg_seq: 21329
2025-02-07 19:36:13,587	[INFO]	(test.py:435)on_group_at_message_create	成功发送 4 条消息.
2025-02-07 19:39:33,431	[INFO]	(gateway.py:56)on_closed	[botpy] 关闭, 返回码: 4009, 返回信息: Session timed out
2025-02-07 19:39:33,432	[INFO]	(gateway.py:134)ws_connect	[botpy] ws关闭, 停止接收消息!
2025-02-07 19:39:38,442	[INFO]	(connection.py:60)multi_run	[botpy] 最大并发连接数: 1, 启动会话数: 1
2025-02-07 19:39:38,442	[INFO]	(client.py:242)bot_connect	[botpy] 会话启动中...
2025-02-07 19:39:38,443	[INFO]	(gateway.py:115)ws_connect	[botpy] 启动中...
2025-02-07 19:39:38,597	[INFO]	(gateway.py:175)ws_resume	[botpy] 重连启动...
2025-02-07 19:39:38,670	[INFO]	(gateway.py:90)on_message	[botpy] 机器人重连成功! 
2025-02-07 19:39:38,670	[INFO]	(gateway.py:223)_send_heart	[botpy] 心跳维持启动...
2025-02-07 20:09:38,571	[INFO]	(gateway.py:56)on_closed	[botpy] 关闭, 返回码: 4009, 返回信息: Session timed out
2025-02-07 20:09:38,571	[INFO]	(gateway.py:134)ws_connect	[botpy] ws关闭, 停止接收消息!
2025-02-07 20:09:43,587	[INFO]	(connection.py:60)multi_run	[botpy] 最大并发连接数: 1, 启动会话数: 1
2025-02-07 20:09:43,587	[INFO]	(client.py:242)bot_connect	[botpy] 会话启动中...
2025-02-07 20:09:43,587	[INFO]	(gateway.py:115)ws_connect	[botpy] 启动中...
2025-02-07 20:09:43,777	[INFO]	(gateway.py:175)ws_resume	[botpy] 重连启动...
2025-02-07 20:09:43,870	[INFO]	(gateway.py:90)on_message	[botpy] 机器人重连成功! 
2025-02-07 20:09:43,870	[INFO]	(gateway.py:223)_send_heart	[botpy] 心跳维持启动...
