.env: line 6: $'\r': command not found
.env: line 12: $'\r': command not found
.env: line 15: $'\r': command not found
.env: line 23: $'\r': command not found
.env: line 30: $'\r': command not found
INFO: 正在连接到Redis服务器 localhost:6379/0
INFO: Redis密码已设置
INFO: 正在启动Celery Worker...
2025-03-26 17:49:45,687 - text2image.rate_limiter - INFO - 速率限制器初始化完成。每日限制: 800次, 间隔: 8-15秒
2025-03-26 17:49:45,688 - text2image.worker - INFO - Redis配置: URL=redis://:tyND7p*** (密码已隐藏)
2025-03-26 17:49:45,688 - text2image.worker - INFO - Redis密码已设置
/www/server/pyporject_evn/text2image_service_venv/lib/python3.11/site-packages/celery/platforms.py:840: SecurityWarning: You're running the worker with superuser privileges: this is
absolutely not recommended!

Please specify a different user using the --uid option.

User information: uid=0 euid=0 gid=0 egid=0

  warnings.warn(SecurityWarning(ROOT_DISCOURAGED.format(
使用Redis连接URL：redis://:*****@localhost
 
 -------------- celery@ser616132969007 v5.2.7 (dawn-chorus)
--- ***** ----- 
-- ******* ---- Linux-5.4.0-110-generic-x86_64-with-glibc2.31 2025-03-26 17:49:45
- *** --- * --- 
- ** ---------- [config]
- ** ---------- .> app:         text2image_tasks:0x7fbda7c50790
- ** ---------- .> transport:   redis://:**@localhost:6379/0
- ** ---------- .> results:     redis://:**@localhost:6379/0
- *** --- * --- .> concurrency: 4 (prefork)
-- ******* ---- .> task events: OFF (enable -E to monitor tasks in this worker)
--- ***** ----- 
 -------------- [queues]
                .> celery           exchange=celery(direct) key=celery
                

[tasks]
  . worker.generate_image

[2025-03-26 17:49:46,021: INFO/MainProcess] Connected to redis://:**@localhost:6379/0
[2025-03-26 17:49:46,028: INFO/MainProcess] mingle: searching for neighbors
[2025-03-26 17:49:47,041: INFO/MainProcess] mingle: all alone
[2025-03-26 17:49:47,054: INFO/MainProcess] celery@ser616132969007 ready.

Restarting celery worker (/www/server/pyporject_evn/text2image_service_venv/bin/celery -A worker.celery_app worker --loglevel=info)
2025-03-26 17:50:19,886 - text2image.rate_limiter - INFO - 速率限制器初始化完成。每日限制: 800次, 间隔: 8-15秒
2025-03-26 17:50:19,886 - text2image.worker - INFO - Redis配置: URL=redis://:tyND7p*** (密码已隐藏)
2025-03-26 17:50:19,886 - text2image.worker - INFO - Redis密码已设置
/www/server/pyporject_evn/text2image_service_venv/lib/python3.11/site-packages/celery/platforms.py:840: SecurityWarning: You're running the worker with superuser privileges: this is
absolutely not recommended!

Please specify a different user using the --uid option.

User information: uid=0 euid=0 gid=0 egid=0

  warnings.warn(SecurityWarning(ROOT_DISCOURAGED.format(
使用Redis连接URL：redis://:*****@localhost
 
 -------------- celery@ser616132969007 v5.2.7 (dawn-chorus)
--- ***** ----- 
-- ******* ---- Linux-5.4.0-110-generic-x86_64-with-glibc2.31 2025-03-26 17:50:19
- *** --- * --- 
- ** ---------- [config]
- ** ---------- .> app:         text2image_tasks:0x7fc48d314690
- ** ---------- .> transport:   redis://:**@localhost:6379/0
- ** ---------- .> results:     redis://:**@localhost:6379/0
- *** --- * --- .> concurrency: 4 (prefork)
-- ******* ---- .> task events: OFF (enable -E to monitor tasks in this worker)
--- ***** ----- 
 -------------- [queues]
                .> celery           exchange=celery(direct) key=celery
                

[tasks]
  . worker.generate_image

[2025-03-26 17:50:20,152: INFO/MainProcess] Connected to redis://:**@localhost:6379/0
[2025-03-26 17:50:20,156: INFO/MainProcess] mingle: searching for neighbors
[2025-03-26 17:50:21,169: INFO/MainProcess] mingle: all alone
[2025-03-26 17:50:21,186: INFO/MainProcess] celery@ser616132969007 ready.
